\BOOKMARK [1][-]{section.1}{\376\377\000Q\000M\0007\000-\000X\000\040\000D\000a\000t\000a\000s\000e\000t}{}% 1
\BOOKMARK [1][-]{section.2}{\376\377\000F\000i\000r\000s\000t\000\040\000a\000p\000p\000r\000o\000a\000c\000h\000\040\000:\000\040\0003\000D\000\040\000W\000a\000v\000e\000l\000e\000t\000\040\000S\000c\000a\000t\000t\000e\000r\000i\000n\000g\000\040\000f\000o\000r\000\040\000M\000o\000l\000e\000c\000u\000l\000a\000r\000\040\000E\000n\000e\000r\000g\000y\000\040\000P\000r\000e\000d\000i\000c\000t\000i\000o\000n}{}% 2
\BOOKMARK [2][-]{subsection.2.1}{\376\377\0003\000D\000\040\000W\000a\000v\000e\000l\000e\000t\000s\000:\000\040\000M\000a\000t\000h\000e\000m\000a\000t\000i\000c\000a\000l\000\040\000F\000o\000r\000m\000u\000l\000a\000t\000i\000o\000n\000\040\000a\000n\000d\000\040\000P\000r\000o\000p\000e\000r\000t\000i\000e\000s}{section.2}% 3
\BOOKMARK [3][-]{subsubsection.2.1.1}{\376\377\000D\000e\000f\000i\000n\000i\000t\000i\000o\000n\000\040\000o\000f\000\040\0003\000D\000\040\000W\000a\000v\000e\000l\000e\000t\000s}{subsection.2.1}% 4
\BOOKMARK [3][-]{subsubsection.2.1.2}{\376\377\000P\000r\000o\000p\000e\000r\000t\000i\000e\000s\000\040\000o\000f\000\040\0003\000D\000\040\000W\000a\000v\000e\000l\000e\000t\000s}{subsection.2.1}% 5
\BOOKMARK [3][-]{subsubsection.2.1.3}{\376\377\000V\000i\000s\000u\000a\000l\000i\000s\000a\000t\000i\000o\000n\000\040\000o\000f\000\040\000a\000n\000\040\000e\000x\000a\000m\000p\000l\000e\000\040\000o\000f\000\040\0002\000D\000\040\000W\000a\000v\000e\000l\000e\000t\000\040\000S\000c\000a\000t\000t\000e\000r\000i\000n\000g\000\040\000T\000r\000a\000n\000s\000f\000o\000r\000m}{subsection.2.1}% 6
\BOOKMARK [2][-]{subsection.2.2}{\376\377\000D\000a\000t\000a\000\040\000P\000r\000e\000p\000r\000o\000c\000e\000s\000s\000i\000n\000g\000\040\000a\000n\000d\000\040\000T\000r\000a\000n\000s\000f\000o\000r\000m\000a\000t\000i\000o\000n}{section.2}% 7
\BOOKMARK [3][-]{subsubsection.2.2.1}{\376\377\000N\000u\000c\000l\000e\000a\000r\000\040\000C\000h\000a\000r\000g\000e\000s}{subsection.2.2}% 8
\BOOKMARK [3][-]{subsubsection.2.2.2}{\376\377\000V\000a\000l\000e\000n\000c\000e\000\040\000C\000h\000a\000r\000g\000e\000\040\000E\000s\000t\000i\000m\000a\000t\000i\000o\000n}{subsection.2.2}% 9
\BOOKMARK [3][-]{subsubsection.2.2.3}{\376\377\000P\000o\000s\000i\000t\000i\000o\000n\000\040\000S\000c\000a\000l\000i\000n\000g}{subsection.2.2}% 10
\BOOKMARK [3][-]{subsubsection.2.2.4}{\376\377\000D\000a\000t\000a\000\040\000P\000a\000d\000d\000i\000n\000g}{subsection.2.2}% 11
\BOOKMARK [2][-]{subsection.2.3}{\376\377\000S\000c\000a\000t\000t\000e\000r\000i\000n\000g\000\040\000T\000r\000a\000n\000s\000f\000o\000r\000m\000\040\000a\000n\000d\000\040\000F\000e\000a\000t\000u\000r\000e\000\040\000E\000x\000t\000r\000a\000c\000t\000i\000o\000n}{section.2}% 12
\BOOKMARK [3][-]{subsubsection.2.3.1}{\376\377\000E\000l\000e\000c\000t\000r\000o\000n\000\040\000D\000e\000n\000s\000i\000t\000y\000\040\000C\000o\000n\000s\000t\000r\000u\000c\000t\000i\000o\000n}{subsection.2.3}% 13
\BOOKMARK [3][-]{subsubsection.2.3.2}{\376\377\000S\000c\000a\000t\000t\000e\000r\000i\000n\000g\000\040\000F\000e\000a\000t\000u\000r\000e\000\040\000E\000x\000t\000r\000a\000c\000t\000i\000o\000n}{subsection.2.3}% 14
\BOOKMARK [0][-]{subsubsubsection.2.3.2.1}{\376\377\000C\000o\000m\000p\000u\000t\000i\000n\000g\000\040\000Z\000e\000r\000o\000t\000h\000-\000O\000r\000d\000e\000r\000\040\000C\000o\000e\000f\000f\000i\000c\000i\000e\000n\000t\000s}{}% 15
\BOOKMARK [0][-]{subsubsubsection.2.3.2.2}{\376\377\000C\000o\000m\000p\000u\000t\000i\000n\000g\000\040\000H\000i\000g\000h\000e\000r\000-\000O\000r\000d\000e\000r\000\040\000S\000c\000a\000t\000t\000e\000r\000i\000n\000g\000\040\000C\000o\000e\000f\000f\000i\000c\000i\000e\000n\000t\000s}{}% 16
\BOOKMARK [0][-]{subsubsubsection.2.3.2.3}{\376\377\000F\000e\000a\000t\000u\000r\000e\000\040\000V\000e\000c\000t\000o\000r\000\040\000C\000o\000n\000s\000t\000r\000u\000c\000t\000i\000o\000n}{}% 17
\BOOKMARK [1][-]{subsection.2.4}{\376\377\000C\000o\000u\000l\000o\000m\000b\000\040\000M\000a\000t\000r\000i\000x\000\040\000f\000o\000r\000\040\000M\000o\000l\000e\000c\000u\000l\000a\000r\000\040\000E\000n\000e\000r\000g\000y\000\040\000P\000r\000e\000d\000i\000c\000t\000i\000o\000n}{subsubsubsection.2.3.2.3}% 18
\BOOKMARK [2][-]{subsubsection.2.4.1}{\376\377\000C\000o\000n\000s\000t\000r\000u\000c\000t\000i\000o\000n\000\040\000o\000f\000\040\000t\000h\000e\000\040\000C\000o\000u\000l\000o\000m\000b\000\040\000M\000a\000t\000r\000i\000x}{subsection.2.4}% 19
\BOOKMARK [3][-]{subsubsection.2.4.2}{\376\377\000I\000n\000v\000a\000r\000i\000a\000n\000c\000e\000\040\000P\000r\000o\000p\000e\000r\000t\000i\000e\000s}{subsubsection.2.4.1}% 20
\BOOKMARK [0][-]{subsubsubsection.2.4.2.1}{\376\377\000T\000r\000a\000n\000s\000l\000a\000t\000i\000o\000n\000a\000l\000\040\000I\000n\000v\000a\000r\000i\000a\000n\000c\000e}{}% 21
\BOOKMARK [0][-]{subsubsubsection.2.4.2.2}{\376\377\000R\000o\000t\000a\000t\000i\000o\000n\000a\000l\000\040\000I\000n\000v\000a\000r\000i\000a\000n\000c\000e}{}% 22
\BOOKMARK [0][-]{subsubsubsection.2.4.2.3}{\376\377\000P\000e\000r\000m\000u\000t\000a\000t\000i\000o\000n\000a\000l\000\040\000I\000n\000v\000a\000r\000i\000a\000n\000c\000e}{}% 23
\BOOKMARK [1][-]{subsubsection.2.4.3}{\376\377\000D\000a\000t\000a\000\040\000P\000a\000d\000d\000i\000n\000g\000\040\000f\000o\000r\000\040\000U\000n\000i\000f\000o\000r\000m\000\040\000R\000e\000p\000r\000e\000s\000e\000n\000t\000a\000t\000i\000o\000n}{subsubsubsection.2.4.2.3}% 24
\BOOKMARK [2][-]{subsubsection.2.4.4}{\376\377\000F\000e\000a\000t\000u\000r\000e\000\040\000E\000x\000t\000r\000a\000c\000t\000i\000o\000n\000\040\000a\000n\000d\000\040\000R\000e\000g\000r\000e\000s\000s\000i\000o\000n}{subsubsection.2.4.3}% 25
\BOOKMARK [2][-]{subsection.2.5}{\376\377\000R\000i\000d\000g\000e\000\040\000R\000e\000g\000r\000e\000s\000s\000i\000o\000n}{subsubsection.2.4.3}% 26
\BOOKMARK [3][-]{subsubsection.2.5.1}{\376\377\000M\000o\000d\000e\000l\000\040\000D\000e\000s\000c\000r\000i\000p\000t\000i\000o\000n}{subsection.2.5}% 27
\BOOKMARK [3][-]{subsubsection.2.5.2}{\376\377\000C\000r\000o\000s\000s\000\040\000V\000a\000l\000i\000d\000a\000t\000i\000o\000n}{subsection.2.5}% 28
\BOOKMARK [2][-]{subsection.2.6}{\376\377\000P\000r\000a\000c\000t\000i\000c\000a\000l\000\040\000P\000r\000o\000o\000f\000\040\000o\000f\000\040\000I\000n\000v\000a\000r\000i\000a\000n\000c\000e\000\040\000u\000n\000d\000e\000r\000\040\000T\000r\000a\000n\000s\000l\000a\000t\000i\000o\000n\000,\000\040\000R\000o\000t\000a\000t\000i\000o\000n}{subsubsection.2.4.3}% 29
\BOOKMARK [3][-]{subsubsection.2.6.1}{\376\377\000T\000r\000a\000n\000s\000l\000a\000t\000i\000o\000n\000\040\000I\000n\000v\000a\000r\000i\000a\000n\000c\000e}{subsection.2.6}% 30
\BOOKMARK [3][-]{subsubsection.2.6.2}{\376\377\000R\000o\000t\000a\000t\000i\000o\000n\000\040\000I\000n\000v\000a\000r\000i\000a\000n\000c\000e\000\040\000T\000e\000s\000t\000\040\000R\000e\000p\000o\000r\000t}{subsection.2.6}% 31
\BOOKMARK [2][-]{subsection.2.7}{\376\377\000A\000p\000p\000l\000i\000c\000a\000t\000i\000o\000n\000\040\000a\000n\000d\000\040\000R\000e\000s\000u\000l\000t\000s}{subsubsection.2.4.3}% 32
\BOOKMARK [3][-]{subsubsection.2.7.1}{\376\377\000C\000V\000\040\000F\000o\000l\000d\000\040\000L\000o\000s\000s\000e\000s}{subsection.2.7}% 33
\BOOKMARK [3][-]{subsubsection.2.7.2}{\376\377\000K\000a\000g\000g\000l\000e\000\040\000R\000e\000s\000u\000l\000t\000s}{subsection.2.7}% 34
\BOOKMARK [1][-]{section.3}{\376\377\000S\000e\000c\000o\000n\000d\000\040\000a\000p\000p\000r\000o\000a\000c\000h\000\040\000:\000\040\000T\000r\000a\000n\000s\000f\000o\000r\000m\000e\000r\000s\000\040\000f\000o\000r\000\040\000M\000o\000l\000e\000c\000u\000l\000a\000r\000\040\000E\000n\000e\000r\000g\000y\000\040\000P\000r\000e\000d\000i\000c\000t\000i\000o\000n}{subsubsubsection.2.4.2.3}% 35
\BOOKMARK [2][-]{subsection.3.1}{\376\377\000M\000a\000i\000n\000\040\000I\000d\000e\000a}{section.3}% 36
\BOOKMARK [2][-]{subsection.3.2}{\376\377\000D\000a\000t\000a\000\040\000T\000r\000a\000n\000s\000f\000o\000r\000m\000a\000t\000i\000o\000n}{section.3}% 37
\BOOKMARK [3][-]{subsubsection.3.2.1}{\376\377\000M\000a\000t\000h\000e\000m\000a\000t\000i\000c\000a\000l\000\040\000D\000e\000s\000c\000r\000i\000p\000t\000i\000o\000n}{subsection.3.2}% 38
\BOOKMARK [3][-]{subsubsection.3.2.2}{\376\377\000A\000l\000g\000o\000r\000i\000t\000h\000m}{subsection.3.2}% 39
\BOOKMARK [2][-]{subsection.3.3}{\376\377\000T\000r\000a\000n\000s\000f\000o\000r\000m\000e\000r\000\040\000A\000r\000c\000h\000i\000t\000e\000c\000t\000u\000r\000e}{section.3}% 40
\BOOKMARK [3][-]{subsubsection.3.3.1}{\376\377\000M\000o\000d\000e\000l\000\040\000I\000n\000p\000u\000t\000s}{subsection.3.3}% 41
\BOOKMARK [3][-]{subsubsection.3.3.2}{\376\377\000P\000r\000e\000p\000r\000o\000c\000e\000s\000s\000i\000n\000g\000\040\000\050\000T\000o\000p\000\040\000R\000o\000w\000\051}{subsection.3.3}% 42
\BOOKMARK [3][-]{subsubsection.3.3.3}{\376\377\000P\000r\000o\000c\000e\000s\000s\000i\000n\000g\000\040\000\050\000B\000o\000t\000t\000o\000m\000\040\000R\000o\000w\000\051}{subsection.3.3}% 43
\BOOKMARK [3][-]{subsubsection.3.3.4}{\376\377\000D\000a\000t\000a\000\040\000F\000l\000o\000w\000\040\000S\000u\000m\000m\000a\000r\000y}{subsection.3.3}% 44
\BOOKMARK [2][-]{subsection.3.4}{\376\377\000T\000h\000e\000o\000r\000e\000t\000i\000c\000a\000l\000\040\000P\000r\000o\000o\000f\000\040\000o\000f\000\040\000I\000n\000v\000a\000r\000i\000a\000n\000c\000e\000\040\000u\000n\000d\000e\000r\000\040\000P\000e\000r\000m\000u\000t\000a\000t\000i\000o\000n\000,\000\040\000T\000r\000a\000n\000s\000l\000a\000t\000i\000o\000n\000\040\000a\000n\000d\000\040\000R\000o\000t\000a\000t\000i\000o\000n\000\040}{section.3}% 45
\BOOKMARK [3][-]{subsubsection.3.4.1}{\376\377\000I\000n\000v\000a\000r\000i\000a\000n\000c\000e\000\040\000u\000n\000d\000e\000r\000\040\000P\000e\000r\000m\000u\000t\000a\000t\000i\000o\000n}{subsection.3.4}% 46
\BOOKMARK [3][-]{subsubsection.3.4.2}{\376\377\000I\000n\000v\000a\000r\000i\000a\000n\000c\000e\000\040\000u\000n\000d\000e\000r\000\040\000T\000r\000a\000n\000s\000l\000a\000t\000i\000o\000n}{subsection.3.4}% 47
\BOOKMARK [3][-]{subsubsection.3.4.3}{\376\377\000I\000n\000v\000a\000r\000i\000a\000n\000c\000e\000\040\000u\000n\000d\000e\000r\000\040\000R\000o\000t\000a\000t\000i\000o\000n}{subsection.3.4}% 48
\BOOKMARK [2][-]{subsection.3.5}{\376\377\000P\000r\000a\000c\000t\000i\000c\000a\000l\000\040\000P\000r\000o\000o\000f\000\040\000o\000f\000\040\000I\000n\000v\000a\000r\000i\000a\000n\000c\000e}{section.3}% 49
\BOOKMARK [3][-]{subsubsection.3.5.1}{\376\377\000P\000e\000r\000m\000u\000t\000a\000t\000i\000o\000n\000\040\000I\000n\000v\000a\000r\000i\000a\000n\000c\000e}{subsection.3.5}% 50
\BOOKMARK [3][-]{subsubsection.3.5.2}{\376\377\000T\000r\000a\000n\000s\000l\000a\000t\000i\000o\000n\000\040\000I\000n\000v\000a\000r\000i\000a\000n\000c\000e}{subsection.3.5}% 51
\BOOKMARK [3][-]{subsubsection.3.5.3}{\376\377\000R\000o\000t\000a\000t\000i\000o\000n\000\040\000I\000n\000v\000a\000r\000i\000a\000n\000c\000e\000\040\000T\000e\000s\000t\000\040\000R\000e\000p\000o\000r\000t}{subsection.3.5}% 52
\BOOKMARK [2][-]{subsection.3.6}{\376\377\000T\000r\000a\000i\000n\000i\000n\000g\000\040\000a\000n\000d\000\040\000M\000o\000d\000e\000l\000\040\000V\000a\000r\000i\000a\000n\000t\000s}{section.3}% 53
\BOOKMARK [3][-]{subsubsection.3.6.1}{\376\377\000H\000y\000p\000e\000r\000p\000a\000r\000a\000m\000e\000t\000e\000r\000s}{subsection.3.6}% 54
\BOOKMARK [0][-]{subsubsubsection.3.6.1.1}{\376\377\000V\0002\000\040\000M\000o\000d\000e\000l\000\040\000A\000r\000c\000h\000i\000t\000e\000c\000t\000u\000r\000e}{}% 55
\BOOKMARK [0][-]{subsubsubsection.3.6.1.2}{\376\377\000O\000p\000t\000i\000m\000i\000z\000a\000t\000i\000o\000n\000\040\000p\000a\000r\000a\000m\000e\000t\000e\000r\000s}{}% 56
\BOOKMARK [0][-]{subsubsubsection.3.6.1.3}{\376\377\000T\000r\000a\000i\000n\000i\000n\000g\000\040\000S\000c\000h\000e\000d\000u\000l\000e}{}% 57
\BOOKMARK [0][-]{subsubsubsection.3.6.1.4}{\376\377\000L\000o\000s\000s\000\040\000E\000v\000o\000l\000u\000t\000i\000o\000n}{}% 58
\BOOKMARK [0][-]{subsubsubsection.3.6.1.5}{\376\377\000K\000a\000g\000g\000l\000e\000\040\000R\000e\000s\000u\000l\000t}{}% 59
\BOOKMARK [1][-]{subsection.3.7}{\376\377\000C\000L\000S\000\040\000E\000m\000b\000e\000d\000d\000i\000n\000g\000s\000\040\000V\000i\000s\000u\000a\000l\000i\000s\000a\000t\000i\000o\000n}{subsubsubsection.3.6.1.5}% 60
\BOOKMARK [1][-]{section.4}{\376\377\000F\000u\000r\000t\000h\000e\000r\000\040\000W\000o\000r\000k\000\040\000a\000n\000d\000\040\000a\000p\000p\000r\000o\000a\000c\000h\000e\000s}{subsubsubsection.3.6.1.5}% 61
\BOOKMARK [2][-]{subsubsection.4.0.1}{\376\377\000P\000a\000t\000h\000-\000A\000u\000g\000m\000e\000n\000t\000e\000d\000\040\000G\000r\000a\000p\000h\000\040\000T\000r\000a\000n\000s\000f\000o\000r\000m\000e\000r\000\040\000N\000e\000t\000w\000o\000r\000k\000\040\000\050\000P\000A\000G\000T\000N\000\051}{section.4}% 62
